RXSDK/RXSDK-Android/demo/app_demo_push/build/intermediates/manifest_merge_blame_file/debug/manifest-merger-blame-debug-report.txt
1<?xml version="1.0" encoding="utf-8"?>
2<manifest xmlns:android="http://schemas.android.com/apk/res/android"
3    package="com.ruixue.demo.push" >
4
5    <uses-sdk android:minSdkVersion="21" />
5-->src/main/AndroidManifest.xml
6
7    <application>
7-->src/main/AndroidManifest.xml:5:5-24:19
8        <activity
8-->src/main/AndroidManifest.xml:6:9-22:20
9            android:name="com.ruixue.demo.push.MainPushActivity"
9-->src/main/AndroidManifest.xml:7:13-65
10            android:exported="true"
10-->src/main/AndroidManifest.xml:8:13-36
11            android:launchMode="singleTask"
11-->src/main/AndroidManifest.xml:9:13-44
12            android:theme="@style/Theme.AppCompat.Light" >
12-->src/main/AndroidManifest.xml:10:13-57
13            <intent-filter>
13-->src/main/AndroidManifest.xml:11:13-21:29
14                <category android:name="android.intent.category.DEFAULT" />
14-->src/main/AndroidManifest.xml:12:17-76
14-->src/main/AndroidManifest.xml:12:27-73
15                <category android:name="android.intent.category.BROWSABLE" />
15-->src/main/AndroidManifest.xml:13:17-78
15-->src/main/AndroidManifest.xml:13:27-75
16
17                <action android:name="com.ruixue.push.intent.action.test" />
17-->src/main/AndroidManifest.xml:15:17-77
17-->src/main/AndroidManifest.xml:15:25-74
18                <action android:name="android.intent.action.VIEW" />
18-->src/main/AndroidManifest.xml:16:17-69
18-->src/main/AndroidManifest.xml:16:25-66
19
20                <data
20-->src/main/AndroidManifest.xml:17:17-20:47
21                    android:host="com.ruixue.push"
21-->src/main/AndroidManifest.xml:18:21-51
22                    android:path="/deeplink"
22-->src/main/AndroidManifest.xml:19:21-45
23                    android:scheme="ruixue" />
23-->src/main/AndroidManifest.xml:20:21-44
24            </intent-filter>
25        </activity>
26    </application>
27
28</manifest>